{
  level: 'info',
  message: 'This is an info log',
  metadata: { timestamp: '2023-09-08T16:58:59.998Z' }
}
{
  level: 'info',
  message: 'HTTP GET /',
  metadata: {
    meta: {
      req: {
        url: '/',
        headers: {
          'user-agent': 'vscode-restclient',
          'accept-encoding': 'gzip, deflate',
          host: 'localhost:3000',
          connection: 'close'
        },
        method: 'GET',
        httpVersion: '1.1',
        originalUrl: '/',
        query: {}
      },
      res: { statusCode: 200 },
      responseTime: 5
    },
    timestamp: '2023-09-08T16:59:00.005Z'
  }
}
{
  level: 'warn',
  message: 'This is an warn log',
  metadata: { timestamp: '2023-09-08T17:00:15.848Z' }
}
{
  level: 'warn',
  message: 'HTTP GET /400',
  metadata: {
    meta: {
      req: {
        url: '/400',
        headers: {
          'user-agent': 'vscode-restclient',
          'accept-encoding': 'gzip, deflate',
          host: 'localhost:3000',
          connection: 'close'
        },
        method: 'GET',
        httpVersion: '1.1',
        originalUrl: '/400',
        query: {}
      },
      res: { statusCode: 400 },
      responseTime: 2
    },
    timestamp: '2023-09-08T17:00:15.851Z'
  }
}
{
  level: 'error',
  message: 'HTTP GET /500',
  metadata: {
    meta: {
      req: {
        url: '/500',
        headers: {
          'user-agent': 'vscode-restclient',
          'accept-encoding': 'gzip, deflate',
          host: 'localhost:3000',
          connection: 'close'
        },
        method: 'GET',
        httpVersion: '1.1',
        originalUrl: '/500',
        query: {}
      },
      res: { statusCode: 500 },
      responseTime: 0
    },
    timestamp: '2023-09-08T17:00:21.175Z'
  }
}
{
  level: 'info',
  message: 'This is an info log',
  metadata: { timestamp: '2023-09-08T17:01:06.560Z' }
}
{
  level: 'info',
  message: 'HTTP GET /',
  metadata: {
    meta: {
      req: {
        url: '/',
        headers: {
          'user-agent': 'vscode-restclient',
          'accept-encoding': 'gzip, deflate',
          host: 'localhost:3000',
          connection: 'close'
        },
        method: 'GET',
        httpVersion: '1.1',
        originalUrl: '/',
        query: {}
      },
      res: { statusCode: 200 },
      responseTime: 1
    },
    timestamp: '2023-09-08T17:01:06.562Z'
  }
}
{
  level: 'info',
  message: 'This is an info log',
  metadata: { timestamp: '2023-09-08T17:01:07.548Z' }
}
{
  level: 'info',
  message: 'HTTP GET /',
  metadata: {
    meta: {
      req: {
        url: '/',
        headers: {
          'user-agent': 'vscode-restclient',
          'accept-encoding': 'gzip, deflate',
          host: 'localhost:3000',
          connection: 'close'
        },
        method: 'GET',
        httpVersion: '1.1',
        originalUrl: '/',
        query: {}
      },
      res: { statusCode: 200 },
      responseTime: 1
    },
    timestamp: '2023-09-08T17:01:07.549Z'
  }
}
{
  level: 'info',
  message: 'This is an info log',
  metadata: { timestamp: '2023-09-08T17:01:08.060Z' }
}
{
  level: 'info',
  message: 'HTTP GET /',
  metadata: {
    meta: {
      req: {
        url: '/',
        headers: {
          'user-agent': 'vscode-restclient',
          'accept-encoding': 'gzip, deflate',
          host: 'localhost:3000',
          connection: 'close'
        },
        method: 'GET',
        httpVersion: '1.1',
        originalUrl: '/',
        query: {}
      },
      res: { statusCode: 200 },
      responseTime: 1
    },
    timestamp: '2023-09-08T17:01:08.062Z'
  }
}
{
  level: 'info',
  message: 'Se ha llamado al endpoint /nombres y ha devuelto Sergio,Hector,Ramon',
  metadata: { timestamp: '2023-09-08T17:05:24.492Z' }
}
{
  level: 'info',
  message: 'HTTP GET /nombres',
  metadata: {
    meta: {
      req: {
        url: '/nombres',
        headers: {
          'user-agent': 'vscode-restclient',
          'accept-encoding': 'gzip, deflate',
          host: 'localhost:3000',
          connection: 'close'
        },
        method: 'GET',
        httpVersion: '1.1',
        originalUrl: '/nombres',
        query: {}
      },
      res: { statusCode: 200 },
      responseTime: 7
    },
    timestamp: '2023-09-08T17:05:24.501Z'
  }
}
{
  level: 'error',
  message: 'Log de error',
  metadata: { timestamp: '2023-09-08T17:08:35.619Z' }
}
{
  level: 'error',
  message: 'HTTP GET /500',
  metadata: {
    meta: {
      req: {
        url: '/500',
        headers: {
          'user-agent': 'vscode-restclient',
          'accept-encoding': 'gzip, deflate',
          host: 'localhost:3000',
          connection: 'close'
        },
        method: 'GET',
        httpVersion: '1.1',
        originalUrl: '/500',
        query: {}
      },
      res: { statusCode: 500 },
      responseTime: 5
    },
    timestamp: '2023-09-08T17:08:35.628Z'
  }
}
