{
  level: 'error',
  message: 'HTTP GET /500',
  metadata: {
    meta: {
      req: {
        url: '/500',
        headers: {
          'user-agent': 'vscode-restclient',
          'accept-encoding': 'gzip, deflate',
          host: 'localhost:3000',
          connection: 'close'
        },
        method: 'GET',
        httpVersion: '1.1',
        originalUrl: '/500',
        query: {}
      },
      res: { statusCode: 500 },
      responseTime: 0
    },
    timestamp: '2023-09-08T16:55:42.964Z'
  }
}
{
  level: 'error',
  message: 'HTTP GET /error',
  metadata: {
    meta: {
      req: {
        url: '/error',
        headers: {
          'user-agent': 'vscode-restclient',
          'accept-encoding': 'gzip, deflate',
          host: 'localhost:3000',
          connection: 'close'
        },
        method: 'GET',
        httpVersion: '1.1',
        originalUrl: '/error',
        query: {}
      },
      res: { statusCode: 500 },
      responseTime: 5
    },
    timestamp: '2023-09-08T16:55:43.792Z'
  }
}
{
  level: 'warn',
  message: 'This is an warn log',
  metadata: { timestamp: '2023-09-08T16:57:00.876Z' }
}
{
  level: 'warn',
  message: 'HTTP GET /400',
  metadata: {
    meta: {
      req: {
        url: '/400',
        headers: {
          'user-agent': 'vscode-restclient',
          'accept-encoding': 'gzip, deflate',
          host: 'localhost:3000',
          connection: 'close'
        },
        method: 'GET',
        httpVersion: '1.1',
        originalUrl: '/400',
        query: {}
      },
      res: { statusCode: 400 },
      responseTime: 6
    },
    timestamp: '2023-09-08T16:57:00.885Z'
  }
}
{
  level: 'warn',
  message: 'This is an warn log',
  metadata: { timestamp: '2023-09-08T17:00:15.848Z' }
}
{
  level: 'warn',
  message: 'HTTP GET /400',
  metadata: {
    meta: {
      req: {
        url: '/400',
        headers: {
          'user-agent': 'vscode-restclient',
          'accept-encoding': 'gzip, deflate',
          host: 'localhost:3000',
          connection: 'close'
        },
        method: 'GET',
        httpVersion: '1.1',
        originalUrl: '/400',
        query: {}
      },
      res: { statusCode: 400 },
      responseTime: 2
    },
    timestamp: '2023-09-08T17:00:15.851Z'
  }
}
{
  level: 'error',
  message: 'HTTP GET /500',
  metadata: {
    meta: {
      req: {
        url: '/500',
        headers: {
          'user-agent': 'vscode-restclient',
          'accept-encoding': 'gzip, deflate',
          host: 'localhost:3000',
          connection: 'close'
        },
        method: 'GET',
        httpVersion: '1.1',
        originalUrl: '/500',
        query: {}
      },
      res: { statusCode: 500 },
      responseTime: 0
    },
    timestamp: '2023-09-08T17:00:21.175Z'
  }
}
{
  level: 'error',
  message: 'Log de error',
  metadata: { timestamp: '2023-09-08T17:08:35.619Z' }
}
{
  level: 'error',
  message: 'HTTP GET /500',
  metadata: {
    meta: {
      req: {
        url: '/500',
        headers: {
          'user-agent': 'vscode-restclient',
          'accept-encoding': 'gzip, deflate',
          host: 'localhost:3000',
          connection: 'close'
        },
        method: 'GET',
        httpVersion: '1.1',
        originalUrl: '/500',
        query: {}
      },
      res: { statusCode: 500 },
      responseTime: 5
    },
    timestamp: '2023-09-08T17:08:35.628Z'
  }
}
