{
  level: 'info',
  message: 'This is an info log',
  metadata: { timestamp: '2023-09-08T17:34:16.421Z' }
}
{
  level: 'info',
  message: 'HTTP GET /',
  metadata: {
    meta: {
      req: {
        url: '/',
        headers: {
          'user-agent': 'vscode-restclient',
          'accept-encoding': 'gzip, deflate',
          host: 'localhost:3000',
          connection: 'close'
        },
        method: 'GET',
        httpVersion: '1.1',
        originalUrl: '/',
        query: {}
      },
      res: { statusCode: 200 },
      responseTime: 7
    },
    timestamp: '2023-09-08T17:34:16.430Z'
  }
}
{
  level: 'info',
  message: 'Se ha llamado al endpoint /nombres y ha devuelto Sergio,Hector,Ramon',
  metadata: { timestamp: '2023-09-08T17:34:18.994Z' }
}
{
  level: 'info',
  message: 'HTTP GET /nombres',
  metadata: {
    meta: {
      req: {
        url: '/nombres',
        headers: {
          'user-agent': 'vscode-restclient',
          'accept-encoding': 'gzip, deflate',
          host: 'localhost:3000',
          connection: 'close'
        },
        method: 'GET',
        httpVersion: '1.1',
        originalUrl: '/nombres',
        query: {}
      },
      res: { statusCode: 200 },
      responseTime: 2
    },
    timestamp: '2023-09-08T17:34:18.997Z'
  }
}
{
  level: 'warn',
  message: 'Log de advertencia',
  metadata: { timestamp: '2023-09-08T17:34:20.654Z' }
}
{
  level: 'warn',
  message: 'HTTP GET /400',
  metadata: {
    meta: {
      req: {
        url: '/400',
        headers: {
          'user-agent': 'vscode-restclient',
          'accept-encoding': 'gzip, deflate',
          host: 'localhost:3000',
          connection: 'close'
        },
        method: 'GET',
        httpVersion: '1.1',
        originalUrl: '/400',
        query: {}
      },
      res: { statusCode: 400 },
      responseTime: 2
    },
    timestamp: '2023-09-08T17:34:20.656Z'
  }
}
{
  level: 'error',
  message: 'Log de error',
  metadata: { timestamp: '2023-09-08T17:34:22.154Z' }
}
{
  level: 'error',
  message: 'HTTP GET /500',
  metadata: {
    meta: {
      req: {
        url: '/500',
        headers: {
          'user-agent': 'vscode-restclient',
          'accept-encoding': 'gzip, deflate',
          host: 'localhost:3000',
          connection: 'close'
        },
        method: 'GET',
        httpVersion: '1.1',
        originalUrl: '/500',
        query: {}
      },
      res: { statusCode: 500 },
      responseTime: 2
    },
    timestamp: '2023-09-08T17:34:22.156Z'
  }
}
{
  level: 'error',
  message: 'HTTP GET /error',
  metadata: {
    meta: {
      req: {
        url: '/error',
        headers: {
          'user-agent': 'vscode-restclient',
          'accept-encoding': 'gzip, deflate',
          host: 'localhost:3000',
          connection: 'close'
        },
        method: 'GET',
        httpVersion: '1.1',
        originalUrl: '/error',
        query: {}
      },
      res: { statusCode: 500 },
      responseTime: 5
    },
    timestamp: '2023-09-08T17:34:23.003Z'
  }
}
